# JRE version: OpenJDK Runtime Environment (22.0+36) (build 22+36-2370)
# Java VM: OpenJDK 64-Bit Server VM (22+36-2370, mixed mode, emulated-client, sharing, tiered, compressed oops, compressed class ptrs, g1 gc, windows-amd64)
GC Precious Log:
 CardTable entry size: 512
 Card Set container configuration: InlinePtr #cards 5 size 8 Array Of Cards #cards 12 size 40 Howl #buckets 4 coarsen threshold 1843 Howl Bitmap #cards 512 size 80 coarsen threshold 460 Card regions per heap region 1 cards per card region 2048
 CPUs: 8 total, 8 available
 Memory: 7975M
 Large Page Support: Disabled
 NUMA Support: Disabled
 Compressed Oops: Enabled (32-bit)
 Heap Region Size: 1M
 Heap Min Capacity: 8M
 Heap Initial Capacity: 126M
 Heap Max Capacity: 1994M
 Pre-touch: Disabled
 Parallel Workers: 8
 Concurrent Workers: 2
 Concurrent Refinement Workers: 8
 Periodic GC: Disabled
Heap:
 garbage-first heap   total reserved 2041856K, committed 77824K, used 65536K [0x0000000083600000, 0x0000000100000000)
  region size 1024K, 14 young (14336K), 3 survivors (3072K)
 Metaspace       used 70919K, committed 71680K, reserved 1114112K
  class space    used 10097K, committed 10432K, reserved 1048576K
GC Heap History (20 events):
Event: 12.731 GC heap before
{Heap before GC invocations=12 (full 0):
 garbage-first heap   total reserved 2041856K, committed 61440K, used 53538K [0x0000000083600000, 0x0000000100000000)
  region size 1024K, 28 young (28672K), 2 survivors (2048K)
 Metaspace       used 54255K, committed 54848K, reserved 1114112K
  class space    used 7539K, committed 7808K, reserved 1048576K
}
Event: 12.735 GC heap after
{Heap after GC invocations=13 (full 0):
 garbage-first heap   total reserved 2041856K, committed 61440K, used 28724K [0x0000000083600000, 0x0000000100000000)
  region size 1024K, 4 young (4096K), 4 survivors (4096K)
 Metaspace       used 54255K, committed 54848K, reserved 1114112K
  class space    used 7539K, committed 7808K, reserved 1048576K
}
Event: 13.287 GC heap before
{Heap before GC invocations=13 (full 0):
 garbage-first heap   total reserved 2041856K, committed 61440K, used 48180K [0x0000000083600000, 0x0000000100000000)
  region size 1024K, 25 young (25600K), 4 survivors (4096K)
 Metaspace       used 59911K, committed 60480K, reserved 1114112K
  class space    used 8361K, committed 8640K, reserved 1048576K
}
Event: 13.291 GC heap after
{Heap after GC invocations=14 (full 0):
 garbage-first heap   total reserved 2041856K, committed 61440K, used 29868K [0x0000000083600000, 0x0000000100000000)
  region size 1024K, 4 young (4096K), 4 survivors (4096K)
 Metaspace       used 59911K, committed 60480K, reserved 1114112K
  class space    used 8361K, committed 8640K, reserved 1048576K
}
Event: 14.673 GC heap before
{Heap before GC invocations=15 (full 0):
 garbage-first heap   total reserved 2041856K, committed 61440K, used 52396K [0x0000000083600000, 0x0000000100000000)
  region size 1024K, 27 young (27648K), 4 survivors (4096K)
 Metaspace       used 64549K, committed 65216K, reserved 1114112K
  class space    used 9226K, committed 9536K, reserved 1048576K
}
Event: 14.676 GC heap after
{Heap after GC invocations=16 (full 0):
 garbage-first heap   total reserved 2041856K, committed 61440K, used 30904K [0x0000000083600000, 0x0000000100000000)
  region size 1024K, 3 young (3072K), 3 survivors (3072K)
 Metaspace       used 64549K, committed 65216K, reserved 1114112K
  class space    used 9226K, committed 9536K, reserved 1048576K
}
Event: 14.929 GC heap before
{Heap before GC invocations=16 (full 0):
 garbage-first heap   total reserved 2041856K, committed 61440K, used 53432K [0x0000000083600000, 0x0000000100000000)
  region size 1024K, 26 young (26624K), 3 survivors (3072K)
 Metaspace       used 67480K, committed 68096K, reserved 1114112K
  class space    used 9591K, committed 9856K, reserved 1048576K
}
Event: 14.933 GC heap after
{Heap after GC invocations=17 (full 0):
 garbage-first heap   total reserved 2041856K, committed 61440K, used 32404K [0x0000000083600000, 0x0000000100000000)
  region size 1024K, 4 young (4096K), 4 survivors (4096K)
 Metaspace       used 67480K, committed 68096K, reserved 1114112K
  class space    used 9591K, committed 9856K, reserved 1048576K
}
Event: 15.257 GC heap before
{Heap before GC invocations=17 (full 0):
 garbage-first heap   total reserved 2041856K, committed 61440K, used 53908K [0x0000000083600000, 0x0000000100000000)
  region size 1024K, 25 young (25600K), 4 survivors (4096K)
 Metaspace       used 69835K, committed 70528K, reserved 1114112K
  class space    used 9949K, committed 10240K, reserved 1048576K
}
Event: 15.261 GC heap after
{Heap after GC invocations=18 (full 0):
 garbage-first heap   total reserved 2041856K, committed 61440K, used 34329K [0x0000000083600000, 0x0000000100000000)
  region size 1024K, 4 young (4096K), 4 survivors (4096K)
 Metaspace       used 69835K, committed 70528K, reserved 1114112K
  class space    used 9949K, committed 10240K, reserved 1048576K
}
Event: 15.458 GC heap before
{Heap before GC invocations=19 (full 0):
 garbage-first heap   total reserved 2041856K, committed 61440K, used 53785K [0x0000000083600000, 0x0000000100000000)
  region size 1024K, 23 young (23552K), 4 survivors (4096K)
 Metaspace       used 70825K, committed 71552K, reserved 1114112K
  class space    used 10083K, committed 10368K, reserved 1048576K
}
Event: 15.464 GC heap after
{Heap after GC invocations=20 (full 0):
 garbage-first heap   total reserved 2041856K, committed 63488K, used 39071K [0x0000000083600000, 0x0000000100000000)
  region size 1024K, 3 young (3072K), 3 survivors (3072K)
 Metaspace       used 70825K, committed 71552K, reserved 1114112K
  class space    used 10083K, committed 10368K, reserved 1048576K
}
Event: 15.512 GC heap before
{Heap before GC invocations=20 (full 0):
 garbage-first heap   total reserved 2041856K, committed 63488K, used 54431K [0x0000000083600000, 0x0000000100000000)
  region size 1024K, 19 young (19456K), 3 survivors (3072K)
 Metaspace       used 70825K, committed 71552K, reserved 1114112K
  class space    used 10083K, committed 10368K, reserved 1048576K
}
Event: 15.516 GC heap after
{Heap after GC invocations=21 (full 0):
 garbage-first heap   total reserved 2041856K, committed 76800K, used 41399K [0x0000000083600000, 0x0000000100000000)
  region size 1024K, 3 young (3072K), 3 survivors (3072K)
 Metaspace       used 70825K, committed 71552K, reserved 1114112K
  class space    used 10083K, committed 10368K, reserved 1048576K
}
Event: 15.590 GC heap before
{Heap before GC invocations=21 (full 0):
 garbage-first heap   total reserved 2041856K, committed 76800K, used 65975K [0x0000000083600000, 0x0000000100000000)
  region size 1024K, 27 young (27648K), 3 survivors (3072K)
 Metaspace       used 70838K, committed 71552K, reserved 1114112K
  class space    used 10085K, committed 10368K, reserved 1048576K
}
Event: 15.597 GC heap after
{Heap after GC invocations=22 (full 0):
 garbage-first heap   total reserved 2041856K, committed 77824K, used 49152K [0x0000000083600000, 0x0000000100000000)
  region size 1024K, 4 young (4096K), 4 survivors (4096K)
 Metaspace       used 70838K, committed 71552K, reserved 1114112K
  class space    used 10085K, committed 10368K, reserved 1048576K
}
Event: 15.674 GC heap before
{Heap before GC invocations=22 (full 0):
 garbage-first heap   total reserved 2041856K, committed 77824K, used 58368K [0x0000000083600000, 0x0000000100000000)
  region size 1024K, 15 young (15360K), 4 survivors (4096K)
 Metaspace       used 70919K, committed 71680K, reserved 1114112K
  class space    used 10097K, committed 10432K, reserved 1048576K
}
Event: 15.678 GC heap after
{Heap after GC invocations=23 (full 0):
 garbage-first heap   total reserved 2041856K, committed 77824K, used 52771K [0x0000000083600000, 0x0000000100000000)
  region size 1024K, 3 young (3072K), 3 survivors (3072K)
 Metaspace       used 70919K, committed 71680K, reserved 1114112K
  class space    used 10097K, committed 10432K, reserved 1048576K
}
Event: 15.709 GC heap before
{Heap before GC invocations=23 (full 0):
 garbage-first heap   total reserved 2041856K, committed 77824K, used 67107K [0x0000000083600000, 0x0000000100000000)
  region size 1024K, 17 young (17408K), 3 survivors (3072K)
 Metaspace       used 70919K, committed 71680K, reserved 1114112K
  class space    used 10097K, committed 10432K, reserved 1048576K
}
Event: 15.712 GC heap after
{Heap after GC invocations=24 (full 0):
 garbage-first heap   total reserved 2041856K, committed 77824K, used 55296K [0x0000000083600000, 0x0000000100000000)
  region size 1024K, 3 young (3072K), 3 survivors (3072K)
 Metaspace       used 70919K, committed 71680K, reserved 1114112K
  class space    used 10097K, committed 10432K, reserved 1048576K
}

